Using pre-set license

 COMMAND LINE ARGUMENTS:
/Applications/Unity/Hub/Editor/2020.3.11f1/Unity.app/Contents/MacOS/Unity
-adb2
-batchMode
-noUpm
-name
AssetImportWorker0
-projectPath
/Users/mrawlik/HackZurich2021Roche4
-logFile
Logs/AssetImportWorker0.log
-srvPort
51081
Successfully changed project path to: /Users/mrawlik/HackZurich2021Roche4
/Users/mrawlik/HackZurich2021Roche4
Using Asset Import Pipeline V2.
Refreshing native plugins compatible for Editor in 129.56 ms, found 3 plugins.
Preloading 0 native plugins for Editor in 0.00 ms.
Initialize engine version: 2020.3.11f1 (99c7afb366b3)
[Subsystems] Discovering subsystems at path /Applications/Unity/Hub/Editor/2020.3.11f1/Unity.app/Contents/Resources/UnitySubsystems
[Subsystems] Discovering subsystems at path /Users/mrawlik/HackZurich2021Roche4/Assets
GfxDevice: creating device client; threaded=0
2021-09-25 01:54:48.050 Unity[14137:642947] Color LCD preferred device: Intel(R) UHD Graphics 630 (low power)
2021-09-25 01:54:48.050 Unity[14137:642947] Metal devices available: 2
2021-09-25 01:54:48.050 Unity[14137:642947] 0: AMD Radeon Pro 5500M (high power)
2021-09-25 01:54:48.050 Unity[14137:642947] 1: Intel(R) UHD Graphics 630 (low power)
2021-09-25 01:54:48.050 Unity[14137:642947] Using device AMD Radeon Pro 5500M (high power)
Initializing Metal device caps: AMD Radeon Pro 5500M
Initialize mono
Mono path[0] = '/Applications/Unity/Hub/Editor/2020.3.11f1/Unity.app/Contents/Managed'
Mono path[1] = '/Applications/Unity/Hub/Editor/2020.3.11f1/Unity.app/Contents/MonoBleedingEdge/lib/mono/unityjit'
Mono config path = '/Applications/Unity/Hub/Editor/2020.3.11f1/Unity.app/Contents/MonoBleedingEdge/etc'
Using monoOptions --debugger-agent=transport=dt_socket,embedding=1,server=y,suspend=n,address=127.0.0.1:56137
Begin MonoManager ReloadAssembly
Registering precompiled unity dll's ...
Register platform support module: /Applications/Unity/Hub/Editor/2020.3.11f1/Unity.app/Contents/PlaybackEngines/MacStandaloneSupport/UnityEditor.OSXStandalone.Extensions.dll
Register platform support module: /Applications/Unity/Hub/Editor/2020.3.11f1/PlaybackEngines/WindowsStandaloneSupport/UnityEditor.WindowsStandalone.Extensions.dll
Registered in 0.002631 seconds.
Native extension for WindowsStandalone target not found
Native extension for OSXStandalone target not found
Refreshing native plugins compatible for Editor in 45.32 ms, found 3 plugins.
Preloading 0 native plugins for Editor in 0.00 ms.
Mono: successfully reloaded assembly
- Completed reload, in  2.576 seconds
Platform modules already initialized, skipping
Registering precompiled user dll's ...
Registered in 0.007993 seconds.
Begin MonoManager ReloadAssembly
Native extension for WindowsStandalone target not found
Native extension for OSXStandalone target not found
Refreshing native plugins compatible for Editor in 38.84 ms, found 3 plugins.
Preloading 0 native plugins for Editor in 0.00 ms.
Mono: successfully reloaded assembly
- Completed reload, in  1.385 seconds
Platform modules already initialized, skipping
========================================================================
Worker process is ready to serve import requests
Launching external process: /Applications/Unity/Hub/Editor/2020.3.11f1/Unity.app/Contents/Tools/UnityShaderCompiler
Launched and connected shader compiler UnityShaderCompiler after 0.02 seconds
Refreshing native plugins compatible for Editor in 0.51 ms, found 3 plugins.
Preloading 0 native plugins for Editor in 0.00 ms.
Unloading 2180 Unused Serialized files (Serialized files now loaded: 0)
System memory in use before: 174.9 MB.
System memory in use after: 175.0 MB.

Unloading 41 unused Assets to reduce memory usage. Loaded Objects now: 2605.
Total: 2.020499 ms (FindLiveObjects: 0.188358 ms CreateObjectMapping: 0.071665 ms MarkObjects: 1.697804 ms  DeleteObjects: 0.061909 ms)

========================================================================
Received Import Request.
  path: Packages/com.unity.textmeshpro/package.json
  artifactKey: Guid(220e9325710f4235a43492dd1ee4980d) Importer(815301076,1909f56bfc062723c751e8b465ee728b)
Start importing Packages/com.unity.textmeshpro/package.json using Guid(220e9325710f4235a43492dd1ee4980d) Importer(815301076,1909f56bfc062723c751e8b465ee728b)  -> (artifact id: '2c6d4de5db3a39bcb3575c98dc9df750') in 1.993624 seconds
  Import took 1.998555 seconds .

========================================================================
Received Import Request.
  Time since last request: 3.101882 seconds.
  path: Assets/Scripts
  artifactKey: Guid(08edd357b087840daae53e288db144bd) Importer(815301076,1909f56bfc062723c751e8b465ee728b)
Start importing Assets/Scripts using Guid(08edd357b087840daae53e288db144bd) Importer(815301076,1909f56bfc062723c751e8b465ee728b)  -> (artifact id: '12e9ab7b6095a8c7767143bdb421f58d') in 0.001920 seconds
  Import took 0.005717 seconds .

========================================================================
Received Prepare
Registering precompiled user dll's ...
Registered in 0.003560 seconds.
Begin MonoManager ReloadAssembly
Native extension for WindowsStandalone target not found
Native extension for OSXStandalone target not found
Refreshing native plugins compatible for Editor in 0.50 ms, found 3 plugins.
Preloading 0 native plugins for Editor in 0.00 ms.
Mono: successfully reloaded assembly
- Completed reload, in  1.131 seconds
Platform modules already initialized, skipping
Switching build target platform(2) subTarget(0) extendedPlatform(0) -> platform(9) subTarget(16777218) extendedPlatform(0)
Refreshing native plugins compatible for Editor in 0.51 ms, found 3 plugins.
Preloading 0 native plugins for Editor in 0.00 ms.
Unloading 2174 Unused Serialized files (Serialized files now loaded: 0)
System memory in use before: 178.8 MB.
System memory in use after: 178.9 MB.

Unloading 29 unused Assets to reduce memory usage. Loaded Objects now: 2610.
Total: 2.178893 ms (FindLiveObjects: 0.237029 ms CreateObjectMapping: 0.122178 ms MarkObjects: 1.801881 ms  DeleteObjects: 0.016918 ms)

AssetImportParameters requested are different than current active one (requested -> active):
  custom:graphics/normal-map-encoding: 01000000000000000000000000000000 -> 02000000000000000000000000000000
========================================================================
Received Import Request.
  Time since last request: 100.032748 seconds.
  path: Assets/TestScript.cs
  artifactKey: Guid(05203a6400e5e4785bfbb4eee97a45ce) Importer(815301076,1909f56bfc062723c751e8b465ee728b)
Start importing Assets/TestScript.cs using Guid(05203a6400e5e4785bfbb4eee97a45ce) Importer(815301076,1909f56bfc062723c751e8b465ee728b)  -> (artifact id: 'da39546fe748d0271894d923d6dc9032') in 0.357858 seconds
  Import took 0.361572 seconds .

========================================================================
Received Prepare
Registering precompiled user dll's ...
Registered in 0.003832 seconds.
Begin MonoManager ReloadAssembly
Native extension for WindowsStandalone target not found
Native extension for OSXStandalone target not found
Refreshing native plugins compatible for Editor in 0.64 ms, found 3 plugins.
Preloading 0 native plugins for Editor in 0.00 ms.
Mono: successfully reloaded assembly
- Completed reload, in  1.166 seconds
Platform modules already initialized, skipping
Switching build target platform(2) subTarget(0) extendedPlatform(0) -> platform(9) subTarget(16777218) extendedPlatform(0)
Refreshing native plugins compatible for Editor in 0.41 ms, found 3 plugins.
Preloading 0 native plugins for Editor in 0.00 ms.
Unloading 2174 Unused Serialized files (Serialized files now loaded: 0)
System memory in use before: 183.3 MB.
System memory in use after: 183.4 MB.

Unloading 29 unused Assets to reduce memory usage. Loaded Objects now: 2614.
Total: 1.780144 ms (FindLiveObjects: 0.182378 ms CreateObjectMapping: 0.067898 ms MarkObjects: 1.515789 ms  DeleteObjects: 0.013431 ms)

AssetImportParameters requested are different than current active one (requested -> active):
  custom:graphics/normal-map-encoding: 01000000000000000000000000000000 -> 02000000000000000000000000000000
========================================================================
Received Import Request.
  Time since last request: 140.735089 seconds.
  path: Assets/TestScript.cs
  artifactKey: Guid(05203a6400e5e4785bfbb4eee97a45ce) Importer(815301076,1909f56bfc062723c751e8b465ee728b)
Start importing Assets/TestScript.cs using Guid(05203a6400e5e4785bfbb4eee97a45ce) Importer(815301076,1909f56bfc062723c751e8b465ee728b)  -> (artifact id: '63ec0a6c1900131087e78ffbf2e2bbaa') in 0.003897 seconds
  Import took 0.008434 seconds .

========================================================================
Received Prepare
Refreshing native plugins compatible for Editor in 16.27 ms, found 3 plugins.
Preloading 0 native plugins for Editor in 0.00 ms.
Unloading 27 Unused Serialized files (Serialized files now loaded: 0)
System memory in use before: 141.3 MB.
System memory in use after: 141.4 MB.

Unloading 27 unused Assets to reduce memory usage. Loaded Objects now: 2614.
Total: 2.594914 ms (FindLiveObjects: 0.231347 ms CreateObjectMapping: 0.099114 ms MarkObjects: 2.245332 ms  DeleteObjects: 0.018068 ms)

========================================================================
Received Import Request.
  Time since last request: 466.826167 seconds.
  path: Assets/Editor/com.unity.mobile.notifications/NotificationSettings.asset
  artifactKey: Guid(4cee8bca36f2ab74b8feb832747fa6f4) Importer(815301076,1909f56bfc062723c751e8b465ee728b)
Start importing Assets/Editor/com.unity.mobile.notifications/NotificationSettings.asset using Guid(4cee8bca36f2ab74b8feb832747fa6f4) Importer(815301076,1909f56bfc062723c751e8b465ee728b)  -> (artifact id: 'ed81eb14f0998a09d0cbd7ea3d01d7a8') in 1.404029 seconds
  Import took 1.409698 seconds .

========================================================================
Received Prepare
Registering precompiled user dll's ...
Registered in 0.003694 seconds.
Begin MonoManager ReloadAssembly
Native extension for WindowsStandalone target not found
Native extension for OSXStandalone target not found
Refreshing native plugins compatible for Editor in 0.49 ms, found 3 plugins.
Preloading 0 native plugins for Editor in 0.00 ms.
Mono: successfully reloaded assembly
- Completed reload, in  1.195 seconds
Platform modules already initialized, skipping
Switching build target platform(2) subTarget(0) extendedPlatform(0) -> platform(9) subTarget(16777218) extendedPlatform(0)
Refreshing native plugins compatible for Editor in 0.51 ms, found 3 plugins.
Preloading 0 native plugins for Editor in 0.00 ms.
Unloading 2174 Unused Serialized files (Serialized files now loaded: 0)
System memory in use before: 188.0 MB.
System memory in use after: 188.1 MB.

Unloading 29 unused Assets to reduce memory usage. Loaded Objects now: 2618.
Total: 1.979421 ms (FindLiveObjects: 0.182354 ms CreateObjectMapping: 0.079106 ms MarkObjects: 1.699992 ms  DeleteObjects: 0.017212 ms)

AssetImportParameters requested are different than current active one (requested -> active):
  custom:graphics/normal-map-encoding: 01000000000000000000000000000000 -> 02000000000000000000000000000000
========================================================================
Received Prepare
Registering precompiled user dll's ...
Registered in 0.001976 seconds.
Begin MonoManager ReloadAssembly
Native extension for WindowsStandalone target not found
Native extension for OSXStandalone target not found
Refreshing native plugins compatible for Editor in 0.51 ms, found 3 plugins.
Preloading 0 native plugins for Editor in 0.00 ms.
Mono: successfully reloaded assembly
- Completed reload, in  1.141 seconds
Platform modules already initialized, skipping
Switching build target platform(2) subTarget(0) extendedPlatform(0) -> platform(9) subTarget(16777218) extendedPlatform(0)
Refreshing native plugins compatible for Editor in 0.36 ms, found 3 plugins.
Preloading 0 native plugins for Editor in 0.00 ms.
Unloading 2174 Unused Serialized files (Serialized files now loaded: 0)
System memory in use before: 188.2 MB.
System memory in use after: 188.3 MB.

Unloading 29 unused Assets to reduce memory usage. Loaded Objects now: 2622.
Total: 1.978150 ms (FindLiveObjects: 0.179755 ms CreateObjectMapping: 0.092207 ms MarkObjects: 1.689542 ms  DeleteObjects: 0.015866 ms)

AssetImportParameters requested are different than current active one (requested -> active):
  custom:graphics/normal-map-encoding: 01000000000000000000000000000000 -> 02000000000000000000000000000000
========================================================================
Received Prepare
Registering precompiled user dll's ...
Registered in 0.002435 seconds.
Begin MonoManager ReloadAssembly
Native extension for WindowsStandalone target not found
Native extension for OSXStandalone target not found
Refreshing native plugins compatible for Editor in 0.72 ms, found 3 plugins.
Preloading 0 native plugins for Editor in 0.00 ms.
Mono: successfully reloaded assembly
- Completed reload, in  1.164 seconds
Platform modules already initialized, skipping
Switching build target platform(2) subTarget(0) extendedPlatform(0) -> platform(9) subTarget(16777218) extendedPlatform(0)
Refreshing native plugins compatible for Editor in 0.51 ms, found 3 plugins.
Preloading 0 native plugins for Editor in 0.00 ms.
Unloading 2174 Unused Serialized files (Serialized files now loaded: 0)
System memory in use before: 188.4 MB.
System memory in use after: 188.5 MB.

Unloading 29 unused Assets to reduce memory usage. Loaded Objects now: 2626.
Total: 2.198698 ms (FindLiveObjects: 0.184573 ms CreateObjectMapping: 0.082070 ms MarkObjects: 1.911853 ms  DeleteObjects: 0.019448 ms)

AssetImportParameters requested are different than current active one (requested -> active):
  custom:graphics/normal-map-encoding: 01000000000000000000000000000000 -> 02000000000000000000000000000000
========================================================================
Received Prepare
Registering precompiled user dll's ...
Registered in 0.001556 seconds.
Begin MonoManager ReloadAssembly
Native extension for WindowsStandalone target not found
Native extension for OSXStandalone target not found
Refreshing native plugins compatible for Editor in 0.55 ms, found 3 plugins.
Preloading 0 native plugins for Editor in 0.00 ms.
Mono: successfully reloaded assembly
- Completed reload, in  1.192 seconds
Platform modules already initialized, skipping
Switching build target platform(2) subTarget(0) extendedPlatform(0) -> platform(9) subTarget(16777218) extendedPlatform(0)
Refreshing native plugins compatible for Editor in 1.38 ms, found 3 plugins.
Preloading 0 native plugins for Editor in 0.00 ms.
Unloading 2174 Unused Serialized files (Serialized files now loaded: 0)
System memory in use before: 188.6 MB.
System memory in use after: 188.7 MB.

Unloading 29 unused Assets to reduce memory usage. Loaded Objects now: 2630.
Total: 2.430760 ms (FindLiveObjects: 0.292003 ms CreateObjectMapping: 0.128148 ms MarkObjects: 1.989022 ms  DeleteObjects: 0.020702 ms)

AssetImportParameters requested are different than current active one (requested -> active):
  custom:graphics/normal-map-encoding: 01000000000000000000000000000000 -> 02000000000000000000000000000000
========================================================================
Received Prepare
Registering precompiled user dll's ...
Registered in 0.001902 seconds.
Begin MonoManager ReloadAssembly
Native extension for WindowsStandalone target not found
Native extension for OSXStandalone target not found
Refreshing native plugins compatible for Editor in 0.60 ms, found 3 plugins.
Preloading 0 native plugins for Editor in 0.00 ms.
Mono: successfully reloaded assembly
- Completed reload, in  1.151 seconds
Platform modules already initialized, skipping
Switching build target platform(2) subTarget(0) extendedPlatform(0) -> platform(9) subTarget(16777218) extendedPlatform(0)
Refreshing native plugins compatible for Editor in 0.55 ms, found 3 plugins.
Preloading 0 native plugins for Editor in 0.00 ms.
Unloading 2174 Unused Serialized files (Serialized files now loaded: 0)
System memory in use before: 188.8 MB.
System memory in use after: 188.9 MB.

Unloading 29 unused Assets to reduce memory usage. Loaded Objects now: 2634.
Total: 2.007779 ms (FindLiveObjects: 0.187183 ms CreateObjectMapping: 0.080538 ms MarkObjects: 1.717949 ms  DeleteObjects: 0.021273 ms)

AssetImportParameters requested are different than current active one (requested -> active):
  custom:graphics/normal-map-encoding: 01000000000000000000000000000000 -> 02000000000000000000000000000000
========================================================================
Received Prepare
Refreshing native plugins compatible for Editor in 4.41 ms, found 3 plugins.
Preloading 0 native plugins for Editor in 0.00 ms.
Unloading 27 Unused Serialized files (Serialized files now loaded: 0)
System memory in use before: 146.8 MB.
System memory in use after: 146.9 MB.

Unloading 27 unused Assets to reduce memory usage. Loaded Objects now: 2634.
Total: 12.169312 ms (FindLiveObjects: 0.594080 ms CreateObjectMapping: 0.077875 ms MarkObjects: 11.431235 ms  DeleteObjects: 0.065147 ms)

========================================================================
Received Import Request.
  Time since last request: 2015.481888 seconds.
  path: Assets/SendDummyNotification.cs
  artifactKey: Guid(71e65c71ab19347a4aa41a53d9f745ba) Importer(815301076,1909f56bfc062723c751e8b465ee728b)
Start importing Assets/SendDummyNotification.cs using Guid(71e65c71ab19347a4aa41a53d9f745ba) Importer(815301076,1909f56bfc062723c751e8b465ee728b)  -> (artifact id: 'efd6fa78019fa387902f418281f2ba27') in 0.099297 seconds
  Import took 0.213284 seconds .

========================================================================
Received Prepare
Registering precompiled user dll's ...
Registered in 0.004184 seconds.
Begin MonoManager ReloadAssembly
Native extension for WindowsStandalone target not found
Native extension for OSXStandalone target not found
Refreshing native plugins compatible for Editor in 0.48 ms, found 3 plugins.
Preloading 0 native plugins for Editor in 0.00 ms.
Mono: successfully reloaded assembly
- Completed reload, in  1.406 seconds
Platform modules already initialized, skipping
Switching build target platform(2) subTarget(0) extendedPlatform(0) -> platform(9) subTarget(16777218) extendedPlatform(0)
Refreshing native plugins compatible for Editor in 0.49 ms, found 3 plugins.
Preloading 0 native plugins for Editor in 0.00 ms.
Unloading 2175 Unused Serialized files (Serialized files now loaded: 0)
System memory in use before: 189.3 MB.
System memory in use after: 189.5 MB.

Unloading 29 unused Assets to reduce memory usage. Loaded Objects now: 2639.
Total: 2.153514 ms (FindLiveObjects: 0.262247 ms CreateObjectMapping: 0.081159 ms MarkObjects: 1.792797 ms  DeleteObjects: 0.016352 ms)

AssetImportParameters requested are different than current active one (requested -> active):
  custom:graphics/normal-map-encoding: 01000000000000000000000000000000 -> 02000000000000000000000000000000
========================================================================
Received Import Request.
  Time since last request: 21.119679 seconds.
  path: Assets/SendDummyNotification.cs
  artifactKey: Guid(71e65c71ab19347a4aa41a53d9f745ba) Importer(815301076,1909f56bfc062723c751e8b465ee728b)
Start importing Assets/SendDummyNotification.cs using Guid(71e65c71ab19347a4aa41a53d9f745ba) Importer(815301076,1909f56bfc062723c751e8b465ee728b)  -> (artifact id: '1ce987b6c6857b0389e6009dfcc5625f') in 0.010267 seconds
  Import took 0.014585 seconds .

========================================================================
Received Import Request.
  Time since last request: 0.000772 seconds.
  path: Assets/SendDummyNotification.cs
  artifactKey: Guid(71e65c71ab19347a4aa41a53d9f745ba) Importer(815301076,1909f56bfc062723c751e8b465ee728b)
Start importing Assets/SendDummyNotification.cs using Guid(71e65c71ab19347a4aa41a53d9f745ba) Importer(815301076,1909f56bfc062723c751e8b465ee728b)  -> (artifact id: '1ce987b6c6857b0389e6009dfcc5625f') in 0.005353 seconds
  Import took 0.010035 seconds .

========================================================================
Received Import Request.
  Time since last request: 45.956451 seconds.
  path: Assets/Scenes/SampleScene.unity
  artifactKey: Guid(2cda990e2423bbf4892e6590ba056729) Importer(815301076,1909f56bfc062723c751e8b465ee728b)
Start importing Assets/Scenes/SampleScene.unity using Guid(2cda990e2423bbf4892e6590ba056729) Importer(815301076,1909f56bfc062723c751e8b465ee728b)  -> (artifact id: '09d6cfd297129bf67e0e91e3a07af0d8') in 0.012116 seconds
  Import took 0.016504 seconds .

========================================================================
Received Import Request.
  Time since last request: 2.142670 seconds.
  path: Assets/Scenes/SampleScene.unity
  artifactKey: Guid(2cda990e2423bbf4892e6590ba056729) Importer(815301076,1909f56bfc062723c751e8b465ee728b)
Start importing Assets/Scenes/SampleScene.unity using Guid(2cda990e2423bbf4892e6590ba056729) Importer(815301076,1909f56bfc062723c751e8b465ee728b)  -> (artifact id: '6ae99982ab6c8238e12cc4c2839840ac') in 0.002785 seconds
  Import took 0.006520 seconds .

========================================================================
Received Import Request.
  Time since last request: 8.147244 seconds.
  path: Assets/Samples/Mobile Notifications
  artifactKey: Guid(d6de55e916cff4585b29876309ed0067) Importer(815301076,1909f56bfc062723c751e8b465ee728b)
Start importing Assets/Samples/Mobile Notifications using Guid(d6de55e916cff4585b29876309ed0067) Importer(815301076,1909f56bfc062723c751e8b465ee728b)  -> (artifact id: 'e5d49394b32c2f22a13db42131960d1a') in 0.001176 seconds
  Import took 0.004821 seconds .

========================================================================
Received Import Request.
  Time since last request: 0.677640 seconds.
  path: Assets/Samples/Mobile Notifications/1.3.2
  artifactKey: Guid(682ecbca64296470c981a5ec3f385129) Importer(815301076,1909f56bfc062723c751e8b465ee728b)
Start importing Assets/Samples/Mobile Notifications/1.3.2 using Guid(682ecbca64296470c981a5ec3f385129) Importer(815301076,1909f56bfc062723c751e8b465ee728b)  -> (artifact id: '2315bae08ac1ec16311d519710106e18') in 0.000761 seconds
  Import took 0.004112 seconds .

========================================================================
Received Import Request.
  Time since last request: 0.625452 seconds.
  path: Assets/Samples/Mobile Notifications/1.3.2/Notification Samples
  artifactKey: Guid(1c2e413b65659486d91c3e9b30ae7a8c) Importer(815301076,1909f56bfc062723c751e8b465ee728b)
Start importing Assets/Samples/Mobile Notifications/1.3.2/Notification Samples using Guid(1c2e413b65659486d91c3e9b30ae7a8c) Importer(815301076,1909f56bfc062723c751e8b465ee728b)  -> (artifact id: '3394ebdf9a7478f0cf5148af7db9c2c1') in 0.000775 seconds
  Import took 0.003655 seconds .

========================================================================
Received Import Request.
  Time since last request: 3.039517 seconds.
  path: Assets/Samples/Mobile Notifications/1.3.2/Notification Samples/Demo
  artifactKey: Guid(bb3a0c5453185624f878091b74e1fa21) Importer(815301076,1909f56bfc062723c751e8b465ee728b)
Start importing Assets/Samples/Mobile Notifications/1.3.2/Notification Samples/Demo using Guid(bb3a0c5453185624f878091b74e1fa21) Importer(815301076,1909f56bfc062723c751e8b465ee728b)  -> (artifact id: '6eb431812f6b049a360433fd745af2f6') in 0.001109 seconds
  Import took 0.004785 seconds .

========================================================================
Received Import Request.
  Time since last request: 2.563620 seconds.
  path: Assets/Samples/Mobile Notifications/1.3.2/Notification Samples/Demo/Demo.unity
  artifactKey: Guid(d4a8dc573bd002341a4c8035354f4aaa) Importer(815301076,1909f56bfc062723c751e8b465ee728b)
Start importing Assets/Samples/Mobile Notifications/1.3.2/Notification Samples/Demo/Demo.unity using Guid(d4a8dc573bd002341a4c8035354f4aaa) Importer(815301076,1909f56bfc062723c751e8b465ee728b)  -> (artifact id: '6630e739b66859ba23c89de30ef7ecf3') in 0.001604 seconds
  Import took 0.007650 seconds .

========================================================================
Received Import Request.
  Time since last request: 8.909254 seconds.
  path: Assets/Samples/Mobile Notifications/1.3.2/Notification Samples/Demo/GameController.cs
  artifactKey: Guid(1d87151d06c55490fadb463b5de02a0e) Importer(815301076,1909f56bfc062723c751e8b465ee728b)
Start importing Assets/Samples/Mobile Notifications/1.3.2/Notification Samples/Demo/GameController.cs using Guid(1d87151d06c55490fadb463b5de02a0e) Importer(815301076,1909f56bfc062723c751e8b465ee728b)  -> (artifact id: 'a7c7486ea5f984ed98264b9454f3026f') in 0.003689 seconds
  Import took 0.007350 seconds .

========================================================================
Received Import Request.
  Time since last request: 0.000667 seconds.
  path: Assets/Samples/Mobile Notifications/1.3.2/Notification Samples/Demo/GameController.cs
  artifactKey: Guid(1d87151d06c55490fadb463b5de02a0e) Importer(815301076,1909f56bfc062723c751e8b465ee728b)
Start importing Assets/Samples/Mobile Notifications/1.3.2/Notification Samples/Demo/GameController.cs using Guid(1d87151d06c55490fadb463b5de02a0e) Importer(815301076,1909f56bfc062723c751e8b465ee728b)  -> (artifact id: 'a7c7486ea5f984ed98264b9454f3026f') in 0.004918 seconds
  Import took 0.009286 seconds .

========================================================================
Received Import Request.
  Time since last request: 3.783248 seconds.
  path: Assets/Samples/Mobile Notifications/1.3.2/Notification Samples/Demo/NotificationConsole.cs
  artifactKey: Guid(cb688dae2ce0d3645a718311956f62e9) Importer(815301076,1909f56bfc062723c751e8b465ee728b)
Start importing Assets/Samples/Mobile Notifications/1.3.2/Notification Samples/Demo/NotificationConsole.cs using Guid(cb688dae2ce0d3645a718311956f62e9) Importer(815301076,1909f56bfc062723c751e8b465ee728b)  -> (artifact id: 'a31e7f03123e25ff596d79e955d6fe86') in 0.003432 seconds
  Import took 0.007479 seconds .

========================================================================
Received Import Request.
  Time since last request: 0.643608 seconds.
  path: Assets/Samples/Mobile Notifications/1.3.2/Notification Samples/Demo/NewsFeedReader.cs
  artifactKey: Guid(57d48f28dfaef4638b0983a41dd9f536) Importer(815301076,1909f56bfc062723c751e8b465ee728b)
Start importing Assets/Samples/Mobile Notifications/1.3.2/Notification Samples/Demo/NewsFeedReader.cs using Guid(57d48f28dfaef4638b0983a41dd9f536) Importer(815301076,1909f56bfc062723c751e8b465ee728b)  -> (artifact id: 'dffd21fab787e152eae271d02c3e9ef6') in 0.003611 seconds
  Import took 0.007420 seconds .

========================================================================
Received Import Request.
  Time since last request: 1.377581 seconds.
  path: Assets/Samples/Mobile Notifications/1.3.2/Notification Samples/Demo/NotificationEventItem.cs
  artifactKey: Guid(43834a2f62df4005b86a5fe960b327b1) Importer(815301076,1909f56bfc062723c751e8b465ee728b)
Start importing Assets/Samples/Mobile Notifications/1.3.2/Notification Samples/Demo/NotificationEventItem.cs using Guid(43834a2f62df4005b86a5fe960b327b1) Importer(815301076,1909f56bfc062723c751e8b465ee728b)  -> (artifact id: '7e7836e5c4271fc91fe39cba60939d13') in 0.004149 seconds
  Import took 0.008738 seconds .

========================================================================
Received Import Request.
  Time since last request: 0.884820 seconds.
  path: Assets/Samples/Mobile Notifications/1.3.2/Notification Samples/Demo/PendingNotificationItem.cs
  artifactKey: Guid(3095404a74e54df49d046449b75d7fbb) Importer(815301076,1909f56bfc062723c751e8b465ee728b)
Start importing Assets/Samples/Mobile Notifications/1.3.2/Notification Samples/Demo/PendingNotificationItem.cs using Guid(3095404a74e54df49d046449b75d7fbb) Importer(815301076,1909f56bfc062723c751e8b465ee728b)  -> (artifact id: 'e96643829d3debf4dc85731934888e9b') in 0.003827 seconds
  Import took 0.008084 seconds .

========================================================================
Received Import Request.
  Time since last request: 9.599310 seconds.
  path: Assets/Samples/Mobile Notifications/1.3.2/Notification Samples/Demo/InventoryItemData.cs
  artifactKey: Guid(69315768b2baa4a3b8409745cca9bd7f) Importer(815301076,1909f56bfc062723c751e8b465ee728b)
Start importing Assets/Samples/Mobile Notifications/1.3.2/Notification Samples/Demo/InventoryItemData.cs using Guid(69315768b2baa4a3b8409745cca9bd7f) Importer(815301076,1909f56bfc062723c751e8b465ee728b)  -> (artifact id: '9302b50fd96c3604b22d246decca4124') in 0.003835 seconds
  Import took 0.007634 seconds .

========================================================================
Received Import Request.
  Time since last request: 0.622222 seconds.
  path: Assets/Samples/Mobile Notifications/1.3.2/Notification Samples/Demo/InventoryItem.cs
  artifactKey: Guid(580a2927f8fe34f1a9acae8c8980637b) Importer(815301076,1909f56bfc062723c751e8b465ee728b)
Start importing Assets/Samples/Mobile Notifications/1.3.2/Notification Samples/Demo/InventoryItem.cs using Guid(580a2927f8fe34f1a9acae8c8980637b) Importer(815301076,1909f56bfc062723c751e8b465ee728b)  -> (artifact id: '7b5245781390233a16fa62ac33eaae36') in 0.003805 seconds
  Import took 0.008160 seconds .

========================================================================
Received Import Request.
  Time since last request: 2.823920 seconds.
  path: Assets/Samples/Mobile Notifications/1.3.2/Notification Samples/Demo/BuyInventoryItem.cs
  artifactKey: Guid(3748f80abcfae4727bb9aa6f5c76cb05) Importer(815301076,1909f56bfc062723c751e8b465ee728b)
Start importing Assets/Samples/Mobile Notifications/1.3.2/Notification Samples/Demo/BuyInventoryItem.cs using Guid(3748f80abcfae4727bb9aa6f5c76cb05) Importer(815301076,1909f56bfc062723c751e8b465ee728b)  -> (artifact id: '52513b4adfa83329336d66d9c7507bf4') in 0.003310 seconds
  Import took 0.007091 seconds .

========================================================================
Received Prepare
Registering precompiled user dll's ...
Registered in 0.004081 seconds.
Begin MonoManager ReloadAssembly
Native extension for WindowsStandalone target not found
Native extension for OSXStandalone target not found
Refreshing native plugins compatible for Editor in 0.48 ms, found 3 plugins.
Preloading 0 native plugins for Editor in 0.00 ms.
Mono: successfully reloaded assembly
- Completed reload, in  1.196 seconds
Platform modules already initialized, skipping
Switching build target platform(2) subTarget(0) extendedPlatform(0) -> platform(9) subTarget(16777218) extendedPlatform(0)
Refreshing native plugins compatible for Editor in 0.69 ms, found 3 plugins.
Preloading 0 native plugins for Editor in 0.00 ms.
Unloading 2188 Unused Serialized files (Serialized files now loaded: 0)
System memory in use before: 191.7 MB.
System memory in use after: 191.2 MB.

Unloading 42 unused Assets to reduce memory usage. Loaded Objects now: 2643.
Total: 4.369588 ms (FindLiveObjects: 0.190517 ms CreateObjectMapping: 0.077176 ms MarkObjects: 1.828691 ms  DeleteObjects: 2.272402 ms)

AssetImportParameters requested are different than current active one (requested -> active):
  custom:graphics/normal-map-encoding: 01000000000000000000000000000000 -> 02000000000000000000000000000000
========================================================================
Received Prepare
Registering precompiled user dll's ...
Registered in 0.003884 seconds.
Begin MonoManager ReloadAssembly
Native extension for WindowsStandalone target not found
Native extension for OSXStandalone target not found
Refreshing native plugins compatible for Editor in 0.85 ms, found 3 plugins.
Preloading 0 native plugins for Editor in 0.00 ms.
Mono: successfully reloaded assembly
- Completed reload, in  1.891 seconds
Platform modules already initialized, skipping
Switching build target platform(2) subTarget(0) extendedPlatform(0) -> platform(9) subTarget(16777218) extendedPlatform(0)
Refreshing native plugins compatible for Editor in 0.48 ms, found 3 plugins.
Preloading 0 native plugins for Editor in 0.00 ms.
Unloading 2188 Unused Serialized files (Serialized files now loaded: 0)
System memory in use before: 192.1 MB.
System memory in use after: 191.5 MB.

Unloading 42 unused Assets to reduce memory usage. Loaded Objects now: 2647.
Total: 2.391560 ms (FindLiveObjects: 0.193513 ms CreateObjectMapping: 0.079623 ms MarkObjects: 1.816216 ms  DeleteObjects: 0.301383 ms)

AssetImportParameters requested are different than current active one (requested -> active):
  custom:graphics/normal-map-encoding: 01000000000000000000000000000000 -> 02000000000000000000000000000000
========================================================================
Received Prepare
Refreshing native plugins compatible for Editor in 4.71 ms, found 3 plugins.
Preloading 0 native plugins for Editor in 0.00 ms.
Unloading 40 Unused Serialized files (Serialized files now loaded: 0)
System memory in use before: 149.9 MB.
System memory in use after: 149.3 MB.

Unloading 40 unused Assets to reduce memory usage. Loaded Objects now: 2647.
Total: 2.345966 ms (FindLiveObjects: 0.184535 ms CreateObjectMapping: 0.080030 ms MarkObjects: 1.742882 ms  DeleteObjects: 0.337635 ms)

