Using pre-set license

 COMMAND LINE ARGUMENTS:
/Applications/Unity/Hub/Editor/2020.3.11f1/Unity.app/Contents/MacOS/Unity
-adb2
-batchMode
-noUpm
-name
AssetImportWorker0
-projectPath
/Users/mrawlik/github/HackZurich2021Roche/UnityFrontend
-logFile
Logs/AssetImportWorker0.log
-srvPort
56167
Successfully changed project path to: /Users/mrawlik/github/HackZurich2021Roche/UnityFrontend
/Users/mrawlik/github/HackZurich2021Roche/UnityFrontend
Using Asset Import Pipeline V2.
Refreshing native plugins compatible for Editor in 62.61 ms, found 3 plugins.
Preloading 0 native plugins for Editor in 0.00 ms.
Initialize engine version: 2020.3.11f1 (99c7afb366b3)
[Subsystems] Discovering subsystems at path /Applications/Unity/Hub/Editor/2020.3.11f1/Unity.app/Contents/Resources/UnitySubsystems
[Subsystems] Discovering subsystems at path /Users/mrawlik/github/HackZurich2021Roche/UnityFrontend/Assets
GfxDevice: creating device client; threaded=0
2021-09-25 11:28:27.098 Unity[19117:877421] Color LCD preferred device: Intel(R) UHD Graphics 630 (low power)
2021-09-25 11:28:27.098 Unity[19117:877421] Metal devices available: 2
2021-09-25 11:28:27.098 Unity[19117:877421] 0: AMD Radeon Pro 5500M (high power)
2021-09-25 11:28:27.098 Unity[19117:877421] 1: Intel(R) UHD Graphics 630 (low power)
2021-09-25 11:28:27.099 Unity[19117:877421] Using device AMD Radeon Pro 5500M (high power)
Initializing Metal device caps: AMD Radeon Pro 5500M
Initialize mono
Mono path[0] = '/Applications/Unity/Hub/Editor/2020.3.11f1/Unity.app/Contents/Managed'
Mono path[1] = '/Applications/Unity/Hub/Editor/2020.3.11f1/Unity.app/Contents/MonoBleedingEdge/lib/mono/unityjit'
Mono config path = '/Applications/Unity/Hub/Editor/2020.3.11f1/Unity.app/Contents/MonoBleedingEdge/etc'
Using monoOptions --debugger-agent=transport=dt_socket,embedding=1,server=y,suspend=n,address=127.0.0.1:56117
Begin MonoManager ReloadAssembly
Registering precompiled unity dll's ...
Register platform support module: /Applications/Unity/Hub/Editor/2020.3.11f1/Unity.app/Contents/PlaybackEngines/MacStandaloneSupport/UnityEditor.OSXStandalone.Extensions.dll
Register platform support module: /Applications/Unity/Hub/Editor/2020.3.11f1/PlaybackEngines/WindowsStandaloneSupport/UnityEditor.WindowsStandalone.Extensions.dll
Registered in 0.004687 seconds.
Native extension for WindowsStandalone target not found
Native extension for OSXStandalone target not found
Refreshing native plugins compatible for Editor in 50.83 ms, found 3 plugins.
Preloading 0 native plugins for Editor in 0.00 ms.
Mono: successfully reloaded assembly
- Completed reload, in  2.997 seconds
Platform modules already initialized, skipping
Registering precompiled user dll's ...
Registered in 0.006307 seconds.
Begin MonoManager ReloadAssembly
Native extension for WindowsStandalone target not found
Native extension for OSXStandalone target not found
Refreshing native plugins compatible for Editor in 42.83 ms, found 3 plugins.
Preloading 0 native plugins for Editor in 0.00 ms.
Mono: successfully reloaded assembly
- Completed reload, in  1.315 seconds
Platform modules already initialized, skipping
========================================================================
Worker process is ready to serve import requests
Launching external process: /Applications/Unity/Hub/Editor/2020.3.11f1/Unity.app/Contents/Tools/UnityShaderCompiler
Launched and connected shader compiler UnityShaderCompiler after 0.02 seconds
Refreshing native plugins compatible for Editor in 0.55 ms, found 3 plugins.
Preloading 0 native plugins for Editor in 0.00 ms.
Unloading 2195 Unused Serialized files (Serialized files now loaded: 0)
System memory in use before: 177.4 MB.
System memory in use after: 177.6 MB.

Unloading 41 unused Assets to reduce memory usage. Loaded Objects now: 2620.
Total: 2.374222 ms (FindLiveObjects: 0.224240 ms CreateObjectMapping: 0.079624 ms MarkObjects: 1.965584 ms  DeleteObjects: 0.104112 ms)

========================================================================
Received Import Request.
  path: Assets/SendDummyNotification.cs
  artifactKey: Guid(71e65c71ab19347a4aa41a53d9f745ba) Importer(815301076,1909f56bfc062723c751e8b465ee728b)
Start importing Assets/SendDummyNotification.cs using Guid(71e65c71ab19347a4aa41a53d9f745ba) Importer(815301076,1909f56bfc062723c751e8b465ee728b)  -> (artifact id: '8a4bd90c69161ea37eacb9033d5afd72') in 0.382271 seconds
  Import took 0.388303 seconds .

========================================================================
Received Import Request.
  Time since last request: 0.000234 seconds.
  path: Assets/TestScript.cs
  artifactKey: Guid(05203a6400e5e4785bfbb4eee97a45ce) Importer(815301076,1909f56bfc062723c751e8b465ee728b)
Start importing Assets/TestScript.cs using Guid(05203a6400e5e4785bfbb4eee97a45ce) Importer(815301076,1909f56bfc062723c751e8b465ee728b)  -> (artifact id: '0f845e3e35b1abf923eb1abbd35ec902') in 0.003402 seconds
  Import took 0.006518 seconds .

========================================================================
Received Prepare
Registering precompiled user dll's ...
Registered in 0.003247 seconds.
Begin MonoManager ReloadAssembly
Native extension for WindowsStandalone target not found
Native extension for OSXStandalone target not found
Refreshing native plugins compatible for Editor in 0.50 ms, found 3 plugins.
Preloading 0 native plugins for Editor in 0.00 ms.
Mono: successfully reloaded assembly
- Completed reload, in  1.191 seconds
Platform modules already initialized, skipping
Switching build target platform(2) subTarget(0) extendedPlatform(0) -> platform(9) subTarget(16777218) extendedPlatform(0)
Refreshing native plugins compatible for Editor in 0.59 ms, found 3 plugins.
Preloading 0 native plugins for Editor in 0.00 ms.
Unloading 2175 Unused Serialized files (Serialized files now loaded: 0)
System memory in use before: 179.5 MB.
System memory in use after: 179.6 MB.

Unloading 29 unused Assets to reduce memory usage. Loaded Objects now: 2624.
Total: 2.229216 ms (FindLiveObjects: 0.182130 ms CreateObjectMapping: 0.073131 ms MarkObjects: 1.954687 ms  DeleteObjects: 0.018365 ms)

AssetImportParameters requested are different than current active one (requested -> active):
  custom:graphics/normal-map-encoding: 01000000000000000000000000000000 -> 02000000000000000000000000000000
========================================================================
Received Import Request.
  Time since last request: 29.243401 seconds.
  path: Assets/Scenes/SampleScene.unity
  artifactKey: Guid(2cda990e2423bbf4892e6590ba056729) Importer(815301076,1909f56bfc062723c751e8b465ee728b)
Start importing Assets/Scenes/SampleScene.unity using Guid(2cda990e2423bbf4892e6590ba056729) Importer(815301076,1909f56bfc062723c751e8b465ee728b)  -> (artifact id: '68e2bd054356ae597765bf774fbde290') in 0.012398 seconds
  Import took 0.016547 seconds .

========================================================================
Received Import Request.
  Time since last request: 11.715121 seconds.
  path: Assets/Scenes/MainScene.unity
  artifactKey: Guid(2cda990e2423bbf4892e6590ba056729) Importer(815301076,1909f56bfc062723c751e8b465ee728b)
Start importing Assets/Scenes/MainScene.unity using Guid(2cda990e2423bbf4892e6590ba056729) Importer(815301076,1909f56bfc062723c751e8b465ee728b)  -> (artifact id: '6379af48395f881d332ac295df0078ed') in 0.001418 seconds
  Import took 0.006054 seconds .

